<?xml version="1.0" encoding="UTF-8"?>
<!-- Generated by org.testng.reporters.JUnitXMLReporter -->
<testsuite hostname="LAPTOP-AGHJRJVA" ignored="4" name="Test" tests="2" failures="0" timestamp="2020-05-03T02:37:36 IST" time="54.342" errors="0">
  <testcase name="assignment_2" time="33.715" classname="org.walletHub.testcases.TC002_Assignment_2"/>
  <testcase name="assignment_1" time="42.338" classname="org.walletHub.testcases.TC001_Assignment_1"/>
  <testcase name="@AfterSuite stopReport" time="0.0" classname="org.walletHub.utils.Reporter">
    <ignored/>
  </testcase> <!-- @AfterSuite stopReport -->
  <testcase name="@BeforeSuite startReport" time="0.0" classname="org.walletHub.utils.Reporter">
    <ignored/>
  </testcase> <!-- @BeforeSuite startReport -->
  <testcase name="@AfterSuite unloadObjects" time="0.0" classname="org.walletHub.api.ProjectSpecificMethod">
    <ignored/>
  </testcase> <!-- @AfterSuite unloadObjects -->
  <testcase name="@BeforeSuite loadValues" time="0.0" classname="org.walletHub.api.ProjectSpecificMethod">
    <ignored/>
  </testcase> <!-- @BeforeSuite loadValues -->
</testsuite> <!-- Test -->
